<?xml version="1.0" encoding="UTF-8"?>
<coverage generated="1689279651494" clover="3.2.0">
  <project timestamp="1689279651495" name="All files">
    <metrics statements="80" coveredstatements="42" conditionals="12" coveredconditionals="3" methods="39" coveredmethods="18" elements="131" coveredelements="63" complexity="0" loc="80" ncloc="80" packages="1" files="3" classes="3"/>
    <file name="Home.jsx" path="D:\frontend-admin\src\pages\Home.jsx">
      <metrics statements="5" coveredstatements="4" conditionals="2" coveredconditionals="1" methods="3" coveredmethods="2"/>
      <line num="6" count="1" type="stmt"/>
      <line num="7" count="2" type="stmt"/>
      <line num="14" count="0" type="stmt"/>
      <line num="22" count="1" type="stmt"/>
      <line num="32" count="2" type="stmt"/>
    </file>
    <file name="Login.jsx" path="D:\frontend-admin\src\pages\Login.jsx">
      <metrics statements="29" coveredstatements="10" conditionals="4" coveredconditionals="0" methods="17" coveredmethods="5"/>
      <line num="12" count="7" type="stmt"/>
      <line num="13" count="7" type="stmt"/>
      <line num="14" count="7" type="stmt"/>
      <line num="15" count="7" type="stmt"/>
      <line num="16" count="7" type="stmt"/>
      <line num="17" count="0" type="stmt"/>
      <line num="18" count="0" type="stmt"/>
      <line num="19" count="0" type="stmt"/>
      <line num="20" count="0" type="stmt"/>
      <line num="23" count="0" type="stmt"/>
      <line num="24" count="0" type="stmt"/>
      <line num="25" count="0" type="stmt"/>
      <line num="32" count="0" type="stmt"/>
      <line num="41" count="0" type="stmt"/>
      <line num="42" count="0" type="stmt"/>
      <line num="43" count="0" type="cond" truecount="0" falsecount="2"/>
      <line num="44" count="0" type="stmt"/>
      <line num="47" count="0" type="stmt"/>
      <line num="48" count="0" type="stmt"/>
      <line num="49" count="0" type="stmt"/>
      <line num="52" count="0" type="stmt"/>
      <line num="55" count="0" type="stmt"/>
      <line num="58" count="7" type="stmt"/>
      <line num="63" count="1" type="stmt"/>
      <line num="77" count="1" type="stmt"/>
      <line num="89" count="1" type="stmt"/>
      <line num="100" count="0" type="stmt"/>
      <line num="110" count="1" type="stmt"/>
      <line num="130" count="0" type="cond" truecount="0" falsecount="2"/>
    </file>
    <file name="Register.jsx" path="D:\frontend-admin\src\pages\Register.jsx">
      <metrics statements="46" coveredstatements="28" conditionals="6" coveredconditionals="2" methods="19" coveredmethods="11"/>
      <line num="13" count="12" type="stmt"/>
      <line num="14" count="12" type="stmt"/>
      <line num="15" count="12" type="stmt"/>
      <line num="16" count="12" type="stmt"/>
      <line num="17" count="12" type="stmt"/>
      <line num="18" count="12" type="stmt"/>
      <line num="19" count="12" type="stmt"/>
      <line num="20" count="12" type="stmt"/>
      <line num="21" count="12" type="stmt"/>
      <line num="22" count="12" type="stmt"/>
      <line num="24" count="12" type="stmt"/>
      <line num="25" count="1" type="stmt"/>
      <line num="26" count="1" type="stmt"/>
      <line num="27" count="1" type="stmt"/>
      <line num="28" count="1" type="cond" truecount="1" falsecount="1"/>
      <line num="29" count="1" type="stmt"/>
      <line num="30" count="1" type="stmt"/>
      <line num="32" count="0" type="stmt"/>
      <line num="43" count="0" type="stmt"/>
      <line num="46" count="0" type="stmt"/>
      <line num="47" count="0" type="stmt"/>
      <line num="48" count="0" type="stmt"/>
      <line num="55" count="0" type="stmt"/>
      <line num="56" count="0" type="stmt"/>
      <line num="65" count="0" type="stmt"/>
      <line num="66" count="0" type="stmt"/>
      <line num="67" count="0" type="cond" truecount="0" falsecount="2"/>
      <line num="68" count="0" type="stmt"/>
      <line num="71" count="0" type="stmt"/>
      <line num="72" count="0" type="stmt"/>
      <line num="73" count="0" type="stmt"/>
      <line num="76" count="0" type="stmt"/>
      <line num="79" count="0" type="stmt"/>
      <line num="81" count="0" type="stmt"/>
      <line num="85" count="12" type="cond" truecount="1" falsecount="1"/>
      <line num="87" count="12" type="stmt"/>
      <line num="105" count="1" type="stmt"/>
      <line num="120" count="1" type="stmt"/>
      <line num="131" count="0" type="stmt"/>
      <line num="142" count="1" type="stmt"/>
      <line num="158" count="1" type="stmt"/>
      <line num="169" count="1" type="stmt"/>
      <line num="193" count="1" type="stmt"/>
      <line num="204" count="1" type="stmt"/>
      <line num="216" count="1" type="stmt"/>
      <line num="226" count="1" type="stmt"/>
    </file>
  </project>
</coverage>
